<?xml version="1.0" encoding="UTF-8"?>
<!-- Generated by org.testng.reporters.JUnitXMLReporter -->
<testsuite hostname="LAPTOP-GEAVMM5J" name="Test CRM APP Test Cases" tests="5" failures="1" timestamp="4 Nov 2020 11:31:08 GMT" time="85.27" errors="0">
  <testcase name="loginPageTitleTest" time="0.243" classname="com.crm.qa.testcases.LoginPageTest"/>
  <testcase name="loginFuctionalityTest" time="3.016" classname="com.crm.qa.testcases.LoginPageTest"/>
  <testcase name="verifyHomePageTitleTest" time="0.21" classname="com.crm.qa.testcases.HomePageTest">
    <failure type="java.lang.AssertionError" message="Home page title not matched expected [Cogmento 1CRM] but found [Cogmento CRM]">
      <![CDATA[java.lang.AssertionError: Home page title not matched expected [Cogmento 1CRM] but found [Cogmento CRM]
	at com.crm.qa.testcases.HomePageTest.verifyHomePageTitleTest(HomePageTest.java:46)
... Removed 32 stack frames]]>
    </failure>
  </testcase> <!-- verifyHomePageTitleTest -->
  <testcase name="verifyUsernameDisplayedTest" time="1.202" classname="com.crm.qa.testcases.HomePageTest"/>
  <testcase name="verifyuserEmailDisplayedTest" time="1.924" classname="com.crm.qa.testcases.HomePageTest"/>
</testsuite> <!-- Test CRM APP Test Cases -->
