<?xml version="1.0" encoding="UTF-8"?>
<testng-results skipped="0" failed="1" total="5" passed="4">
  <reporter-output>
  </reporter-output>
  <suite name="Suite" duration-ms="55816" started-at="2020-10-28T09:33:21Z" finished-at="2020-10-28T09:34:17Z">
    <groups>
    </groups>
    <test name="Test CRM APP Test Cases" duration-ms="55816" started-at="2020-10-28T09:33:21Z" finished-at="2020-10-28T09:34:17Z">
      <class name="com.crm.qa.testcases.HomePageTest">
        <test-method status="PASS" signature="setUp()[pri:0, instance:com.crm.qa.testcases.HomePageTest@3ffc5af1]" name="setUp" is-config="true" duration-ms="9126" started-at="2020-10-28T15:03:42Z" finished-at="2020-10-28T15:03:51Z">
          <reporter-output>
          </reporter-output>
        </test-method> <!-- setUp -->
        <test-method status="FAIL" signature="verifyHomePageTitleTest()[pri:0, instance:com.crm.qa.testcases.HomePageTest@3ffc5af1]" name="verifyHomePageTitleTest" duration-ms="22" started-at="2020-10-28T15:03:51Z" finished-at="2020-10-28T15:03:51Z">
          <exception class="java.lang.AssertionError">
            <message>
              <![CDATA[Home page title not matched expected [Cogmento 1CRM] but found [Cogmento CRM]]]>
            </message>
            <full-stacktrace>
              <![CDATA[java.lang.AssertionError: Home page title not matched expected [Cogmento 1CRM] but found [Cogmento CRM]
	at org.testng.Assert.fail(Assert.java:94)
	at org.testng.Assert.failNotEquals(Assert.java:496)
	at org.testng.Assert.assertEquals(Assert.java:125)
	at org.testng.Assert.assertEquals(Assert.java:178)
	at com.crm.qa.testcases.HomePageTest.verifyHomePageTitleTest(HomePageTest.java:46)
	at sun.reflect.NativeMethodAccessorImpl.invoke0(Native Method)
	at sun.reflect.NativeMethodAccessorImpl.invoke(NativeMethodAccessorImpl.java:62)
	at sun.reflect.DelegatingMethodAccessorImpl.invoke(DelegatingMethodAccessorImpl.java:43)
	at java.lang.reflect.Method.invoke(Method.java:498)
	at org.testng.internal.MethodInvocationHelper.invokeMethod(MethodInvocationHelper.java:85)
	at org.testng.internal.Invoker.invokeMethod(Invoker.java:639)
	at org.testng.internal.Invoker.invokeTestMethod(Invoker.java:816)
	at org.testng.internal.Invoker.invokeTestMethods(Invoker.java:1124)
	at org.testng.internal.TestMethodWorker.invokeTestMethods(TestMethodWorker.java:125)
	at org.testng.internal.TestMethodWorker.run(TestMethodWorker.java:108)
	at org.testng.TestRunner.privateRun(TestRunner.java:774)
	at org.testng.TestRunner.run(TestRunner.java:624)
	at org.testng.SuiteRunner.runTest(SuiteRunner.java:359)
	at org.testng.SuiteRunner.runSequentially(SuiteRunner.java:354)
	at org.testng.SuiteRunner.privateRun(SuiteRunner.java:312)
	at org.testng.SuiteRunner.run(SuiteRunner.java:261)
	at org.testng.SuiteRunnerWorker.runSuite(SuiteRunnerWorker.java:52)
	at org.testng.SuiteRunnerWorker.run(SuiteRunnerWorker.java:86)
	at org.testng.TestNG.runSuitesSequentially(TestNG.java:1191)
	at org.testng.TestNG.runSuitesLocally(TestNG.java:1116)
	at org.testng.TestNG.run(TestNG.java:1024)
	at org.apache.maven.surefire.testng.TestNGExecutor.run(TestNGExecutor.java:284)
	at org.apache.maven.surefire.testng.TestNGXmlTestSuite.execute(TestNGXmlTestSuite.java:75)
	at org.apache.maven.surefire.testng.TestNGProvider.invoke(TestNGProvider.java:119)
	at org.apache.maven.surefire.booter.ForkedBooter.runSuitesInProcess(ForkedBooter.java:428)
	at org.apache.maven.surefire.booter.ForkedBooter.execute(ForkedBooter.java:162)
	at org.apache.maven.surefire.booter.ForkedBooter.run(ForkedBooter.java:562)
	at org.apache.maven.surefire.booter.ForkedBooter.main(ForkedBooter.java:548)
]]>
            </full-stacktrace>
          </exception> <!-- java.lang.AssertionError -->
          <reporter-output>
          </reporter-output>
        </test-method> <!-- verifyHomePageTitleTest -->
        <test-method status="PASS" signature="teardown()[pri:0, instance:com.crm.qa.testcases.HomePageTest@3ffc5af1]" name="teardown" is-config="true" duration-ms="1446" started-at="2020-10-28T15:03:51Z" finished-at="2020-10-28T15:03:53Z">
          <reporter-output>
          </reporter-output>
        </test-method> <!-- teardown -->
        <test-method status="PASS" signature="setUp()[pri:0, instance:com.crm.qa.testcases.HomePageTest@3ffc5af1]" name="setUp" is-config="true" duration-ms="8765" started-at="2020-10-28T15:03:53Z" finished-at="2020-10-28T15:04:01Z">
          <reporter-output>
          </reporter-output>
        </test-method> <!-- setUp -->
        <test-method status="PASS" signature="verifyUsernameDisplayedTest()[pri:1, instance:com.crm.qa.testcases.HomePageTest@3ffc5af1]" name="verifyUsernameDisplayedTest" duration-ms="1998" started-at="2020-10-28T15:04:01Z" finished-at="2020-10-28T15:04:03Z">
          <reporter-output>
          </reporter-output>
        </test-method> <!-- verifyUsernameDisplayedTest -->
        <test-method status="PASS" signature="teardown()[pri:0, instance:com.crm.qa.testcases.HomePageTest@3ffc5af1]" name="teardown" is-config="true" duration-ms="707" started-at="2020-10-28T15:04:03Z" finished-at="2020-10-28T15:04:04Z">
          <reporter-output>
          </reporter-output>
        </test-method> <!-- teardown -->
        <test-method status="PASS" signature="setUp()[pri:0, instance:com.crm.qa.testcases.HomePageTest@3ffc5af1]" name="setUp" is-config="true" duration-ms="9035" started-at="2020-10-28T15:04:04Z" finished-at="2020-10-28T15:04:13Z">
          <reporter-output>
          </reporter-output>
        </test-method> <!-- setUp -->
        <test-method status="PASS" signature="verifyuserEmailDisplayedTest()[pri:2, instance:com.crm.qa.testcases.HomePageTest@3ffc5af1]" name="verifyuserEmailDisplayedTest" duration-ms="2944" started-at="2020-10-28T15:04:13Z" finished-at="2020-10-28T15:04:16Z">
          <reporter-output>
          </reporter-output>
        </test-method> <!-- verifyuserEmailDisplayedTest -->
        <test-method status="PASS" signature="teardown()[pri:0, instance:com.crm.qa.testcases.HomePageTest@3ffc5af1]" name="teardown" is-config="true" duration-ms="832" started-at="2020-10-28T15:04:16Z" finished-at="2020-10-28T15:04:17Z">
          <reporter-output>
          </reporter-output>
        </test-method> <!-- teardown -->
      </class> <!-- com.crm.qa.testcases.HomePageTest -->
      <class name="com.crm.qa.testcases.LoginPageTest">
        <test-method status="PASS" signature="setUp()[pri:0, instance:com.crm.qa.testcases.LoginPageTest@29774679]" name="setUp" is-config="true" duration-ms="10201" started-at="2020-10-28T15:03:21Z" finished-at="2020-10-28T15:03:31Z">
          <reporter-output>
          </reporter-output>
        </test-method> <!-- setUp -->
        <test-method status="PASS" signature="loginPageTitleTest()[pri:0, instance:com.crm.qa.testcases.LoginPageTest@29774679]" name="loginPageTitleTest" duration-ms="36" started-at="2020-10-28T15:03:31Z" finished-at="2020-10-28T15:03:31Z">
          <reporter-output>
          </reporter-output>
        </test-method> <!-- loginPageTitleTest -->
        <test-method status="PASS" signature="teardown()[pri:0, instance:com.crm.qa.testcases.LoginPageTest@29774679]" name="teardown" is-config="true" duration-ms="721" started-at="2020-10-28T15:03:31Z" finished-at="2020-10-28T15:03:32Z">
          <reporter-output>
          </reporter-output>
        </test-method> <!-- teardown -->
        <test-method status="PASS" signature="setUp()[pri:0, instance:com.crm.qa.testcases.LoginPageTest@29774679]" name="setUp" is-config="true" duration-ms="8777" started-at="2020-10-28T15:03:32Z" finished-at="2020-10-28T15:03:41Z">
          <reporter-output>
          </reporter-output>
        </test-method> <!-- setUp -->
        <test-method status="PASS" signature="loginFuctionalityTest()[pri:1, instance:com.crm.qa.testcases.LoginPageTest@29774679]" name="loginFuctionalityTest" duration-ms="506" started-at="2020-10-28T15:03:41Z" finished-at="2020-10-28T15:03:41Z">
          <reporter-output>
          </reporter-output>
        </test-method> <!-- loginFuctionalityTest -->
        <test-method status="PASS" signature="teardown()[pri:0, instance:com.crm.qa.testcases.LoginPageTest@29774679]" name="teardown" is-config="true" duration-ms="669" started-at="2020-10-28T15:03:41Z" finished-at="2020-10-28T15:03:42Z">
          <reporter-output>
          </reporter-output>
        </test-method> <!-- teardown -->
      </class> <!-- com.crm.qa.testcases.LoginPageTest -->
    </test> <!-- Test CRM APP Test Cases -->
  </suite> <!-- Suite -->
</testng-results>
